<?xml version="1.0" encoding="UTF-8"?>
<testng-results skipped="0" failed="0" ignored="0" total="1" passed="1">
  <reporter-output>
  </reporter-output>
  <suite name="Default suite" duration-ms="36983" started-at="2020-07-01T18:25:27 IST" finished-at="2020-07-01T18:26:04 IST">
    <groups>
    </groups>
    <test name="Default test" duration-ms="36983" started-at="2020-07-01T18:25:27 IST" finished-at="2020-07-01T18:26:04 IST">
      <class name="Demo.Selenium.AddProductToCart">
        <test-method status="PASS" signature="intialize()[pri:0, instance:Demo.Selenium.AddProductToCart@62379589]" name="intialize" is-config="true" duration-ms="15733" started-at="2020-07-01T18:25:27 IST" finished-at="2020-07-01T18:25:42 IST">
          <reporter-output>
          </reporter-output>
        </test-method> <!-- intialize -->
        <test-method status="PASS" signature="nevigateToHome()[pri:0, instance:Demo.Selenium.AddProductToCart@62379589]" name="nevigateToHome" duration-ms="16835" started-at="2020-07-01T18:25:42 IST" finished-at="2020-07-01T18:25:59 IST">
          <reporter-output>
          </reporter-output>
        </test-method> <!-- nevigateToHome -->
        <test-method status="PASS" signature="tearDown()[pri:0, instance:Demo.Selenium.AddProductToCart@62379589]" name="tearDown" is-config="true" duration-ms="4345" started-at="2020-07-01T18:25:59 IST" finished-at="2020-07-01T18:26:04 IST">
          <reporter-output>
          </reporter-output>
        </test-method> <!-- tearDown -->
      </class> <!-- Demo.Selenium.AddProductToCart -->
    </test> <!-- Default test -->
  </suite> <!-- Default suite -->
</testng-results>
